<?xml version="1.0"?>
<!DOCTYPE coverage SYSTEM "http://cobertura.sourceforge.net/xml/coverage-04.dtd">

<coverage line-rate="0.5132890365448505" branch-rate="0.3942307692307692" lines-covered="309" lines-valid="602" branches-covered="82" branches-valid="208" complexity="2.2752293577981653" version="2.0.3" timestamp="1408573345419">
	<sources>
		<source>--source</source>
		<source>/home/pk/github.com/contentcheck-maven-plugin/src/main/java</source>
	</sources>
	<packages>
		<package name="net.kozelka.contentcheck" line-rate="1.0" branch-rate="1.0" complexity="2.0833333333333335">
			<classes>
				<class name="net.kozelka.contentcheck.CheckerOutput" filename="net/kozelka/contentcheck/CheckerOutput.java" line-rate="1.0" branch-rate="1.0" complexity="2.6">
					<methods>
						<method name="&lt;init&gt;" signature="(Ljava/util/Set;Ljava/util/Set;)V" line-rate="1.0" branch-rate="1.0">
							<lines>
								<line number="16" hits="24" branch="false"/>
								<line number="17" hits="24" branch="false"/>
								<line number="18" hits="24" branch="false"/>
								<line number="19" hits="24" branch="false"/>
							</lines>
						</method>
						<method name="diffMissingEntries" signature="()Ljava/util/Set;" line-rate="1.0" branch-rate="1.0">
							<lines>
								<line number="55" hits="10" branch="false"/>
								<line number="56" hits="10" branch="true" condition-coverage="100% (2/2)">
									<conditions>
										<condition number="0" type="jump" coverage="100%"/>
									</conditions>
								</line>
								<line number="57" hits="488" branch="false"/>
								<line number="58" hits="488" branch="true" condition-coverage="100% (2/2)">
									<conditions>
										<condition number="0" type="jump" coverage="100%"/>
									</conditions>
								</line>
								<line number="59" hits="55474" branch="true" condition-coverage="100% (2/2)">
									<conditions>
										<condition number="0" type="jump" coverage="100%"/>
									</conditions>
								</line>
								<line number="60" hits="472" branch="false"/>
								<line number="61" hits="472" branch="false"/>
								<line number="63" hits="55002" branch="false"/>
								<line number="64" hits="488" branch="true" condition-coverage="100% (2/2)">
									<conditions>
										<condition number="0" type="jump" coverage="100%"/>
									</conditions>
								</line>
								<line number="65" hits="16" branch="false"/>
								<line number="67" hits="488" branch="false"/>
								<line number="68" hits="10" branch="false"/>
							</lines>
						</method>
						<method name="diffUnexpectedEntries" signature="()Ljava/util/Set;" line-rate="1.0" branch-rate="1.0">
							<lines>
								<line number="34" hits="16" branch="false"/>
								<line number="35" hits="16" branch="true" condition-coverage="100% (2/2)">
									<conditions>
										<condition number="0" type="jump" coverage="100%"/>
									</conditions>
								</line>
								<line number="36" hits="502" branch="false"/>
								<line number="37" hits="502" branch="true" condition-coverage="100% (2/2)">
									<conditions>
										<condition number="0" type="jump" coverage="100%"/>
									</conditions>
								</line>
								<line number="38" hits="54968" branch="true" condition-coverage="100% (2/2)">
									<conditions>
										<condition number="0" type="jump" coverage="100%"/>
									</conditions>
								</line>
								<line number="39" hits="480" branch="false"/>
								<line number="40" hits="480" branch="false"/>
								<line number="42" hits="54488" branch="false"/>
								<line number="43" hits="502" branch="true" condition-coverage="100% (2/2)">
									<conditions>
										<condition number="0" type="jump" coverage="100%"/>
									</conditions>
								</line>
								<line number="44" hits="22" branch="false"/>
								<line number="46" hits="502" branch="false"/>
								<line number="47" hits="16" branch="false"/>
							</lines>
						</method>
						<method name="getActualEntries" signature="()Ljava/util/Set;" line-rate="1.0" branch-rate="1.0">
							<lines>
								<line number="26" hits="6" branch="false"/>
							</lines>
						</method>
						<method name="getApprovedEntries" signature="()Ljava/util/Set;" line-rate="1.0" branch-rate="1.0">
							<lines>
								<line number="22" hits="6" branch="false"/>
							</lines>
						</method>
					</methods>
					<lines>
						<line number="16" hits="24" branch="false"/>
						<line number="17" hits="24" branch="false"/>
						<line number="18" hits="24" branch="false"/>
						<line number="19" hits="24" branch="false"/>
						<line number="22" hits="6" branch="false"/>
						<line number="26" hits="6" branch="false"/>
						<line number="34" hits="16" branch="false"/>
						<line number="35" hits="16" branch="true" condition-coverage="100% (2/2)">
							<conditions>
								<condition number="0" type="jump" coverage="100%"/>
							</conditions>
						</line>
						<line number="36" hits="502" branch="false"/>
						<line number="37" hits="502" branch="true" condition-coverage="100% (2/2)">
							<conditions>
								<condition number="0" type="jump" coverage="100%"/>
							</conditions>
						</line>
						<line number="38" hits="54968" branch="true" condition-coverage="100% (2/2)">
							<conditions>
								<condition number="0" type="jump" coverage="100%"/>
							</conditions>
						</line>
						<line number="39" hits="480" branch="false"/>
						<line number="40" hits="480" branch="false"/>
						<line number="42" hits="54488" branch="false"/>
						<line number="43" hits="502" branch="true" condition-coverage="100% (2/2)">
							<conditions>
								<condition number="0" type="jump" coverage="100%"/>
							</conditions>
						</line>
						<line number="44" hits="22" branch="false"/>
						<line number="46" hits="502" branch="false"/>
						<line number="47" hits="16" branch="false"/>
						<line number="55" hits="10" branch="false"/>
						<line number="56" hits="10" branch="true" condition-coverage="100% (2/2)">
							<conditions>
								<condition number="0" type="jump" coverage="100%"/>
							</conditions>
						</line>
						<line number="57" hits="488" branch="false"/>
						<line number="58" hits="488" branch="true" condition-coverage="100% (2/2)">
							<conditions>
								<condition number="0" type="jump" coverage="100%"/>
							</conditions>
						</line>
						<line number="59" hits="55474" branch="true" condition-coverage="100% (2/2)">
							<conditions>
								<condition number="0" type="jump" coverage="100%"/>
							</conditions>
						</line>
						<line number="60" hits="472" branch="false"/>
						<line number="61" hits="472" branch="false"/>
						<line number="63" hits="55002" branch="false"/>
						<line number="64" hits="488" branch="true" condition-coverage="100% (2/2)">
							<conditions>
								<condition number="0" type="jump" coverage="100%"/>
							</conditions>
						</line>
						<line number="65" hits="16" branch="false"/>
						<line number="67" hits="488" branch="false"/>
						<line number="68" hits="10" branch="false"/>
					</lines>
				</class>
				<class name="net.kozelka.contentcheck.ContentChecker" filename="net/kozelka/contentcheck/ContentChecker.java" line-rate="1.0" branch-rate="1.0" complexity="1.7142857142857142">
					<methods>
						<method name="&lt;init&gt;" signature="()V" line-rate="1.0" branch-rate="1.0">
							<lines>
								<line number="15" hits="22" branch="false"/>
								<line number="17" hits="22" branch="false"/>
								<line number="73" hits="22" branch="false"/>
							</lines>
						</method>
						<method name="check" signature="(Ljava/io/File;)Lnet/kozelka/contentcheck/CheckerOutput;" line-rate="1.0" branch-rate="1.0">
							<lines>
								<line number="38" hits="16" branch="false"/>
								<line number="39" hits="16" branch="false"/>
								<line number="40" hits="16" branch="false"/>
								<line number="41" hits="16" branch="false"/>
								<line number="42" hits="16" branch="false"/>
								<line number="43" hits="16" branch="false"/>
								<line number="45" hits="16" branch="false"/>
								<line number="46" hits="16" branch="false"/>
							</lines>
						</method>
						<method name="getEvents" signature="()Lnet/kozelka/contentcheck/util/EventSink;" line-rate="1.0" branch-rate="1.0">
							<lines>
								<line number="21" hits="16" branch="false"/>
							</lines>
						</method>
						<method name="readListing" signature="(Ljava/io/File;)Ljava/util/Set;" line-rate="1.0" branch-rate="1.0">
							<lines>
								<line number="50" hits="22" branch="false"/>
								<line number="51" hits="22" branch="false"/>
								<line number="53" hits="22" branch="false"/>
								<line number="55" hits="604" branch="true" condition-coverage="100% (2/2)">
									<conditions>
										<condition number="0" type="jump" coverage="100%"/>
									</conditions>
								</line>
								<line number="56" hits="582" branch="false"/>
								<line number="57" hits="582" branch="false"/>
								<line number="58" hits="582" branch="true" condition-coverage="100% (4/4)">
									<conditions>
										<condition number="0" type="jump" coverage="100%"/>
										<condition number="1" type="jump" coverage="100%"/>
									</conditions>
								</line>
								<line number="59" hits="582" branch="true" condition-coverage="100% (2/2)">
									<conditions>
										<condition number="0" type="jump" coverage="100%"/>
									</conditions>
								</line>
								<line number="60" hits="502" branch="true" condition-coverage="100% (2/2)">
									<conditions>
										<condition number="0" type="jump" coverage="100%"/>
									</conditions>
								</line>
								<line number="61" hits="2" branch="false"/>
								<line number="63" hits="502" branch="false"/>
								<line number="65" hits="582" branch="false"/>
								<line number="66" hits="22" branch="false"/>
								<line number="67" hits="22" branch="false"/>
								<line number="69" hits="22" branch="false"/>
							</lines>
						</method>
						<method name="setIntrospector" signature="(Lnet/kozelka/contentcheck/introspection/ContentIntrospector;)V" line-rate="1.0" branch-rate="1.0">
							<lines>
								<line number="25" hits="16" branch="false"/>
								<line number="26" hits="16" branch="false"/>
							</lines>
						</method>
					</methods>
					<lines>
						<line number="15" hits="22" branch="false"/>
						<line number="17" hits="22" branch="false"/>
						<line number="21" hits="16" branch="false"/>
						<line number="25" hits="16" branch="false"/>
						<line number="26" hits="16" branch="false"/>
						<line number="38" hits="16" branch="false"/>
						<line number="39" hits="16" branch="false"/>
						<line number="40" hits="16" branch="false"/>
						<line number="41" hits="16" branch="false"/>
						<line number="42" hits="16" branch="false"/>
						<line number="43" hits="16" branch="false"/>
						<line number="45" hits="16" branch="false"/>
						<line number="46" hits="16" branch="false"/>
						<line number="50" hits="22" branch="false"/>
						<line number="51" hits="22" branch="false"/>
						<line number="53" hits="22" branch="false"/>
						<line number="55" hits="604" branch="true" condition-coverage="100% (2/2)">
							<conditions>
								<condition number="0" type="jump" coverage="100%"/>
							</conditions>
						</line>
						<line number="56" hits="582" branch="false"/>
						<line number="57" hits="582" branch="false"/>
						<line number="58" hits="582" branch="true" condition-coverage="100% (4/4)">
							<conditions>
								<condition number="0" type="jump" coverage="100%"/>
								<condition number="1" type="jump" coverage="100%"/>
							</conditions>
						</line>
						<line number="59" hits="582" branch="true" condition-coverage="100% (2/2)">
							<conditions>
								<condition number="0" type="jump" coverage="100%"/>
							</conditions>
						</line>
						<line number="60" hits="502" branch="true" condition-coverage="100% (2/2)">
							<conditions>
								<condition number="0" type="jump" coverage="100%"/>
							</conditions>
						</line>
						<line number="61" hits="2" branch="false"/>
						<line number="63" hits="502" branch="false"/>
						<line number="65" hits="582" branch="false"/>
						<line number="66" hits="22" branch="false"/>
						<line number="67" hits="22" branch="false"/>
						<line number="69" hits="22" branch="false"/>
						<line number="73" hits="22" branch="false"/>
					</lines>
				</class>
				<class name="net.kozelka.contentcheck.ContentChecker$Events" filename="net/kozelka/contentcheck/ContentChecker.java" line-rate="1.0" branch-rate="1.0" complexity="1.7142857142857142">
					<methods>
					</methods>
					<lines>
					</lines>
				</class>
			</classes>
		</package>
		<package name="net.kozelka.contentcheck.conflict" line-rate="0.8688524590163934" branch-rate="0.6136363636363636" complexity="2.0">
			<classes>
				<class name="net.kozelka.contentcheck.conflict.ArchiveInfo" filename="net/kozelka/contentcheck/conflict/ArchiveInfo.java" line-rate="0.7619047619047619" branch-rate="0.1875" complexity="2.25">
					<methods>
						<method name="&lt;init&gt;" signature="()V" line-rate="1.0" branch-rate="1.0">
							<lines>
								<line number="11" hits="470" branch="false"/>
								<line number="14" hits="470" branch="false"/>
							</lines>
						</method>
						<method name="addConflict" signature="(Lnet/kozelka/contentcheck/conflict/ArchiveInfo;Lnet/kozelka/contentcheck/conflict/ResourceInfo;)V" line-rate="1.0" branch-rate="1.0">
							<lines>
								<line number="17" hits="580" branch="false"/>
								<line number="18" hits="580" branch="true" condition-coverage="100% (2/2)">
									<conditions>
										<condition number="0" type="jump" coverage="100%"/>
									</conditions>
								</line>
								<line number="19" hits="36" branch="false"/>
								<line number="20" hits="36" branch="false"/>
								<line number="22" hits="580" branch="false"/>
								<line number="23" hits="580" branch="false"/>
							</lines>
						</method>
						<method name="equals" signature="(Ljava/lang/Object;)Z" line-rate="0.0" branch-rate="0.0">
							<lines>
								<line number="50" hits="0" branch="true" condition-coverage="0% (0/2)">
									<conditions>
										<condition number="0" type="jump" coverage="0%"/>
									</conditions>
								</line>
								<line number="51" hits="0" branch="true" condition-coverage="0% (0/4)">
									<conditions>
										<condition number="0" type="jump" coverage="0%"/>
										<condition number="1" type="jump" coverage="0%"/>
									</conditions>
								</line>
								<line number="52" hits="0" branch="false"/>
								<line number="53" hits="0" branch="true" condition-coverage="0% (0/6)">
									<conditions>
										<condition number="0" type="jump" coverage="0%"/>
										<condition number="1" type="jump" coverage="0%"/>
										<condition number="2" type="jump" coverage="0%"/>
									</conditions>
								</line>
								<line number="55" hits="0" branch="false"/>
							</lines>
						</method>
						<method name="getClassCount" signature="()I" line-rate="1.0" branch-rate="1.0">
							<lines>
								<line number="41" hits="34" branch="false"/>
							</lines>
						</method>
						<method name="getConflicts" signature="()Ljava/util/Collection;" line-rate="1.0" branch-rate="1.0">
							<lines>
								<line number="45" hits="974" branch="false"/>
							</lines>
						</method>
						<method name="getKey" signature="()Ljava/lang/String;" line-rate="1.0" branch-rate="1.0">
							<lines>
								<line number="26" hits="882" branch="false"/>
							</lines>
						</method>
						<method name="hashCode" signature="()I" line-rate="1.0" branch-rate="0.5">
							<lines>
								<line number="60" hits="480" branch="true" condition-coverage="50% (1/2)">
									<conditions>
										<condition number="0" type="jump" coverage="50%"/>
									</conditions>
								</line>
							</lines>
						</method>
						<method name="setClassCount" signature="(I)V" line-rate="1.0" branch-rate="1.0">
							<lines>
								<line number="34" hits="470" branch="false"/>
								<line number="35" hits="470" branch="false"/>
							</lines>
						</method>
						<method name="setKey" signature="(Ljava/lang/String;)V" line-rate="1.0" branch-rate="1.0">
							<lines>
								<line number="30" hits="470" branch="false"/>
								<line number="31" hits="470" branch="false"/>
							</lines>
						</method>
					</methods>
					<lines>
						<line number="11" hits="470" branch="false"/>
						<line number="14" hits="470" branch="false"/>
						<line number="17" hits="580" branch="false"/>
						<line number="18" hits="580" branch="true" condition-coverage="100% (2/2)">
							<conditions>
								<condition number="0" type="jump" coverage="100%"/>
							</conditions>
						</line>
						<line number="19" hits="36" branch="false"/>
						<line number="20" hits="36" branch="false"/>
						<line number="22" hits="580" branch="false"/>
						<line number="23" hits="580" branch="false"/>
						<line number="26" hits="882" branch="false"/>
						<line number="30" hits="470" branch="false"/>
						<line number="31" hits="470" branch="false"/>
						<line number="34" hits="470" branch="false"/>
						<line number="35" hits="470" branch="false"/>
						<line number="41" hits="34" branch="false"/>
						<line number="45" hits="974" branch="false"/>
						<line number="50" hits="0" branch="true" condition-coverage="0% (0/2)">
							<conditions>
								<condition number="0" type="jump" coverage="0%"/>
							</conditions>
						</line>
						<line number="51" hits="0" branch="true" condition-coverage="0% (0/4)">
							<conditions>
								<condition number="0" type="jump" coverage="0%"/>
								<condition number="1" type="jump" coverage="0%"/>
							</conditions>
						</line>
						<line number="52" hits="0" branch="false"/>
						<line number="53" hits="0" branch="true" condition-coverage="0% (0/6)">
							<conditions>
								<condition number="0" type="jump" coverage="0%"/>
								<condition number="1" type="jump" coverage="0%"/>
								<condition number="2" type="jump" coverage="0%"/>
							</conditions>
						</line>
						<line number="55" hits="0" branch="false"/>
						<line number="60" hits="480" branch="true" condition-coverage="50% (1/2)">
							<conditions>
								<condition number="0" type="jump" coverage="50%"/>
							</conditions>
						</line>
					</lines>
				</class>
				<class name="net.kozelka.contentcheck.conflict.ClassConflictDetector" filename="net/kozelka/contentcheck/conflict/ClassConflictDetector.java" line-rate="0.8904109589041096" branch-rate="0.9090909090909091" complexity="2.1818181818181817">
					<methods>
						<method name="&lt;init&gt;" signature="()V" line-rate="1.0" branch-rate="1.0">
							<lines>
								<line number="25" hits="2" branch="false"/>
								<line number="26" hits="2" branch="false"/>
							</lines>
						</method>
						<method name="access$000" signature="(Lnet/kozelka/contentcheck/conflict/ClassConflictDetector;Ljava/util/zip/ZipInputStream;Ljava/lang/String;)Lnet/kozelka/contentcheck/conflict/ArchiveInfo;" line-rate="1.0" branch-rate="1.0">
							<lines>
								<line number="24" hits="472" branch="false"/>
							</lines>
						</method>
						<method name="exploreArchive" signature="(Ljava/util/zip/ZipInputStream;Ljava/lang/String;)Lnet/kozelka/contentcheck/conflict/ArchiveInfo;" line-rate="1.0" branch-rate="1.0">
							<lines>
								<line number="30" hits="470" branch="false"/>
								<line number="31" hits="470" branch="false"/>
								<line number="32" hits="470" branch="false"/>
								<line number="33" hits="470" branch="false"/>
								<line number="34" hits="470" branch="false"/>
								<line number="35" hits="87084" branch="true" condition-coverage="100% (2/2)">
									<conditions>
										<condition number="0" type="jump" coverage="100%"/>
									</conditions>
								</line>
								<line number="36" hits="86614" branch="false"/>
								<line number="37" hits="86614" branch="true" condition-coverage="100% (2/2)">
									<conditions>
										<condition number="0" type="jump" coverage="100%"/>
									</conditions>
								</line>
								<line number="38" hits="66876" branch="false"/>
								<line number="39" hits="66876" branch="false"/>
								<line number="42" hits="86614" branch="false"/>
								<line number="43" hits="86614" branch="false"/>
								<line number="44" hits="86614" branch="false"/>
								<line number="45" hits="470" branch="false"/>
								<line number="46" hits="470" branch="false"/>
							</lines>
						</method>
						<method name="exploreWar" signature="(Ljava/io/File;)V" line-rate="1.0" branch-rate="1.0">
							<lines>
								<line number="76" hits="2" branch="false"/>
								<line number="77" hits="2" branch="false"/>
								<line number="78" hits="2" branch="false"/>
								<line number="88" hits="2" branch="false"/>
								<line number="89" hits="2" branch="false"/>
							</lines>
						</method>
						<method name="getConflictingArchives" signature="()Ljava/util/List;" line-rate="1.0" branch-rate="1.0">
							<lines>
								<line number="66" hits="4" branch="false"/>
								<line number="67" hits="4" branch="true" condition-coverage="100% (2/2)">
									<conditions>
										<condition number="0" type="jump" coverage="100%"/>
									</conditions>
								</line>
								<line number="68" hits="940" branch="true" condition-coverage="100% (2/2)">
									<conditions>
										<condition number="0" type="jump" coverage="100%"/>
									</conditions>
								</line>
								<line number="69" hits="68" branch="false"/>
								<line number="71" hits="940" branch="false"/>
								<line number="72" hits="4" branch="false"/>
							</lines>
						</method>
						<method name="getExploredArchives" signature="()Ljava/util/Set;" line-rate="1.0" branch-rate="1.0">
							<lines>
								<line number="62" hits="4" branch="false"/>
							</lines>
						</method>
						<method name="main" signature="([Ljava/lang/String;)V" line-rate="0.0" branch-rate="1.0">
							<lines>
								<line number="135" hits="0" branch="false"/>
								<line number="136" hits="0" branch="false"/>
								<line number="138" hits="0" branch="false"/>
								<line number="139" hits="0" branch="false"/>
								<line number="140" hits="0" branch="false"/>
								<line number="141" hits="0" branch="false"/>
								<line number="142" hits="0" branch="false"/>
								<line number="148" hits="0" branch="false"/>
							</lines>
						</method>
						<method name="printResults" signature="(ILorg/codehaus/plexus/util/cli/StreamConsumer;)I" line-rate="1.0" branch-rate="0.8333333333333334">
							<lines>
								<line number="92" hits="2" branch="false"/>
								<line number="93" hits="2" branch="false"/>
								<line number="98" hits="2" branch="false"/>
								<line number="99" hits="2" branch="true" condition-coverage="100% (2/2)">
									<conditions>
										<condition number="0" type="jump" coverage="100%"/>
									</conditions>
								</line>
								<line number="100" hits="34" branch="false"/>
								<line number="101" hits="34" branch="false"/>
								<line number="102" hits="34" branch="false"/>
								<line number="103" hits="34" branch="false"/>
								<line number="108" hits="34" branch="true" condition-coverage="100% (2/2)">
									<conditions>
										<condition number="0" type="jump" coverage="100%"/>
									</conditions>
								</line>
								<line number="109" hits="36" branch="false"/>
								<line number="110" hits="36" branch="false"/>
								<line number="111" hits="36" branch="false"/>
								<line number="112" hits="36" branch="false"/>
								<line number="113" hits="36" branch="true" condition-coverage="50% (1/2)">
									<conditions>
										<condition number="0" type="jump" coverage="50%"/>
									</conditions>
								</line>
								<line number="114" hits="36" branch="false"/>
								<line number="115" hits="36" branch="true" condition-coverage="100% (2/2)">
									<conditions>
										<condition number="0" type="jump" coverage="100%"/>
									</conditions>
								</line>
								<line number="116" hits="88" branch="false"/>
								<line number="117" hits="88" branch="true" condition-coverage="75% (3/4)">
									<conditions>
										<condition number="0" type="jump" coverage="100%"/>
										<condition number="1" type="jump" coverage="50%"/>
									</conditions>
								</line>
								<line number="118" hits="24" branch="false"/>
								<line number="119" hits="24" branch="false"/>
								<line number="121" hits="64" branch="false"/>
								<line number="122" hits="64" branch="false"/>
								<line number="123" hits="36" branch="false"/>
								<line number="124" hits="34" branch="false"/>
								<line number="125" hits="2" branch="false"/>
								<line number="126" hits="2" branch="false"/>
								<line number="130" hits="2" branch="false"/>
							</lines>
						</method>
						<method name="processClassResource" signature="(Lnet/kozelka/contentcheck/conflict/ArchiveInfo;Ljava/util/zip/ZipEntry;)V" line-rate="1.0" branch-rate="1.0">
							<lines>
								<line number="50" hits="66876" branch="false"/>
								<line number="52" hits="66876" branch="false"/>
								<line number="53" hits="66876" branch="true" condition-coverage="100% (2/2)">
									<conditions>
										<condition number="0" type="jump" coverage="100%"/>
									</conditions>
								</line>
								<line number="54" hits="66586" branch="false"/>
								<line number="55" hits="66586" branch="false"/>
								<line number="56" hits="66586" branch="false"/>
								<line number="58" hits="66876" branch="false"/>
								<line number="59" hits="66876" branch="false"/>
							</lines>
						</method>
					</methods>
					<lines>
						<line number="24" hits="472" branch="false"/>
						<line number="25" hits="2" branch="false"/>
						<line number="26" hits="2" branch="false"/>
						<line number="30" hits="470" branch="false"/>
						<line number="31" hits="470" branch="false"/>
						<line number="32" hits="470" branch="false"/>
						<line number="33" hits="470" branch="false"/>
						<line number="34" hits="470" branch="false"/>
						<line number="35" hits="87084" branch="true" condition-coverage="100% (2/2)">
							<conditions>
								<condition number="0" type="jump" coverage="100%"/>
							</conditions>
						</line>
						<line number="36" hits="86614" branch="false"/>
						<line number="37" hits="86614" branch="true" condition-coverage="100% (2/2)">
							<conditions>
								<condition number="0" type="jump" coverage="100%"/>
							</conditions>
						</line>
						<line number="38" hits="66876" branch="false"/>
						<line number="39" hits="66876" branch="false"/>
						<line number="42" hits="86614" branch="false"/>
						<line number="43" hits="86614" branch="false"/>
						<line number="44" hits="86614" branch="false"/>
						<line number="45" hits="470" branch="false"/>
						<line number="46" hits="470" branch="false"/>
						<line number="50" hits="66876" branch="false"/>
						<line number="52" hits="66876" branch="false"/>
						<line number="53" hits="66876" branch="true" condition-coverage="100% (2/2)">
							<conditions>
								<condition number="0" type="jump" coverage="100%"/>
							</conditions>
						</line>
						<line number="54" hits="66586" branch="false"/>
						<line number="55" hits="66586" branch="false"/>
						<line number="56" hits="66586" branch="false"/>
						<line number="58" hits="66876" branch="false"/>
						<line number="59" hits="66876" branch="false"/>
						<line number="62" hits="4" branch="false"/>
						<line number="66" hits="4" branch="false"/>
						<line number="67" hits="4" branch="true" condition-coverage="100% (2/2)">
							<conditions>
								<condition number="0" type="jump" coverage="100%"/>
							</conditions>
						</line>
						<line number="68" hits="940" branch="true" condition-coverage="100% (2/2)">
							<conditions>
								<condition number="0" type="jump" coverage="100%"/>
							</conditions>
						</line>
						<line number="69" hits="68" branch="false"/>
						<line number="71" hits="940" branch="false"/>
						<line number="72" hits="4" branch="false"/>
						<line number="76" hits="2" branch="false"/>
						<line number="77" hits="2" branch="false"/>
						<line number="78" hits="2" branch="false"/>
						<line number="88" hits="2" branch="false"/>
						<line number="89" hits="2" branch="false"/>
						<line number="92" hits="2" branch="false"/>
						<line number="93" hits="2" branch="false"/>
						<line number="98" hits="2" branch="false"/>
						<line number="99" hits="2" branch="true" condition-coverage="100% (2/2)">
							<conditions>
								<condition number="0" type="jump" coverage="100%"/>
							</conditions>
						</line>
						<line number="100" hits="34" branch="false"/>
						<line number="101" hits="34" branch="false"/>
						<line number="102" hits="34" branch="false"/>
						<line number="103" hits="34" branch="false"/>
						<line number="108" hits="34" branch="true" condition-coverage="100% (2/2)">
							<conditions>
								<condition number="0" type="jump" coverage="100%"/>
							</conditions>
						</line>
						<line number="109" hits="36" branch="false"/>
						<line number="110" hits="36" branch="false"/>
						<line number="111" hits="36" branch="false"/>
						<line number="112" hits="36" branch="false"/>
						<line number="113" hits="36" branch="true" condition-coverage="50% (1/2)">
							<conditions>
								<condition number="0" type="jump" coverage="50%"/>
							</conditions>
						</line>
						<line number="114" hits="36" branch="false"/>
						<line number="115" hits="36" branch="true" condition-coverage="100% (2/2)">
							<conditions>
								<condition number="0" type="jump" coverage="100%"/>
							</conditions>
						</line>
						<line number="116" hits="88" branch="false"/>
						<line number="117" hits="88" branch="true" condition-coverage="75% (3/4)">
							<conditions>
								<condition number="0" type="jump" coverage="100%"/>
								<condition number="1" type="jump" coverage="50%"/>
							</conditions>
						</line>
						<line number="118" hits="24" branch="false"/>
						<line number="119" hits="24" branch="false"/>
						<line number="121" hits="64" branch="false"/>
						<line number="122" hits="64" branch="false"/>
						<line number="123" hits="36" branch="false"/>
						<line number="124" hits="34" branch="false"/>
						<line number="125" hits="2" branch="false"/>
						<line number="126" hits="2" branch="false"/>
						<line number="130" hits="2" branch="false"/>
						<line number="135" hits="0" branch="false"/>
						<line number="136" hits="0" branch="false"/>
						<line number="138" hits="0" branch="false"/>
						<line number="139" hits="0" branch="false"/>
						<line number="140" hits="0" branch="false"/>
						<line number="141" hits="0" branch="false"/>
						<line number="142" hits="0" branch="false"/>
						<line number="148" hits="0" branch="false"/>
					</lines>
				</class>
				<class name="net.kozelka.contentcheck.conflict.ClassConflictDetector$1" filename="net/kozelka/contentcheck/conflict/ClassConflictDetector.java" line-rate="1.0" branch-rate="0.5" complexity="2.1818181818181817">
					<methods>
						<method name="&lt;init&gt;" signature="(Lnet/kozelka/contentcheck/conflict/ClassConflictDetector;)V" line-rate="1.0" branch-rate="1.0">
							<lines>
								<line number="78" hits="2" branch="false"/>
							</lines>
						</method>
						<method name="accept" signature="(Ljava/lang/String;Ljava/io/InputStream;)Z" line-rate="1.0" branch-rate="0.5">
							<lines>
								<line number="81" hits="470" branch="true" condition-coverage="50% (2/4)">
									<conditions>
										<condition number="0" type="jump" coverage="50%"/>
										<condition number="1" type="jump" coverage="50%"/>
									</conditions>
								</line>
								<line number="82" hits="470" branch="false"/>
								<line number="83" hits="470" branch="false"/>
								<line number="85" hits="470" branch="false"/>
							</lines>
						</method>
					</methods>
					<lines>
						<line number="78" hits="2" branch="false"/>
						<line number="81" hits="470" branch="true" condition-coverage="50% (2/4)">
							<conditions>
								<condition number="0" type="jump" coverage="50%"/>
								<condition number="1" type="jump" coverage="50%"/>
							</conditions>
						</line>
						<line number="82" hits="470" branch="false"/>
						<line number="83" hits="470" branch="false"/>
						<line number="85" hits="470" branch="false"/>
					</lines>
				</class>
				<class name="net.kozelka.contentcheck.conflict.ClassConflictDetector$2" filename="net/kozelka/contentcheck/conflict/ClassConflictDetector.java" line-rate="1.0" branch-rate="1.0" complexity="2.1818181818181817">
					<methods>
						<method name="&lt;init&gt;" signature="(Lnet/kozelka/contentcheck/conflict/ClassConflictDetector;)V" line-rate="1.0" branch-rate="1.0">
							<lines>
							</lines>
						</method>
						<method name="compare" signature="(Ljava/lang/Object;Ljava/lang/Object;)I" line-rate="1.0" branch-rate="1.0">
							<lines>
								<line number="93" hits="98" branch="false"/>
							</lines>
						</method>
						<method name="compare" signature="(Lnet/kozelka/contentcheck/conflict/ArchiveInfo;Lnet/kozelka/contentcheck/conflict/ArchiveInfo;)I" line-rate="1.0" branch-rate="1.0">
							<lines>
								<line number="95" hits="96" branch="false"/>
							</lines>
						</method>
					</methods>
					<lines>
						<line number="93" hits="98" branch="false"/>
						<line number="95" hits="96" branch="false"/>
					</lines>
				</class>
				<class name="net.kozelka.contentcheck.conflict.ClassConflictDetector$3" filename="net/kozelka/contentcheck/conflict/ClassConflictDetector.java" line-rate="1.0" branch-rate="1.0" complexity="2.1818181818181817">
					<methods>
						<method name="&lt;init&gt;" signature="(Lnet/kozelka/contentcheck/conflict/ClassConflictDetector;)V" line-rate="1.0" branch-rate="1.0">
							<lines>
							</lines>
						</method>
						<method name="compare" signature="(Ljava/lang/Object;Ljava/lang/Object;)I" line-rate="1.0" branch-rate="1.0">
							<lines>
								<line number="103" hits="36" branch="false"/>
							</lines>
						</method>
						<method name="compare" signature="(Lnet/kozelka/contentcheck/conflict/Conflict;Lnet/kozelka/contentcheck/conflict/Conflict;)I" line-rate="1.0" branch-rate="1.0">
							<lines>
								<line number="105" hits="2" branch="false"/>
							</lines>
						</method>
					</methods>
					<lines>
						<line number="103" hits="36" branch="false"/>
						<line number="105" hits="2" branch="false"/>
					</lines>
				</class>
				<class name="net.kozelka.contentcheck.conflict.ClassConflictDetector$4" filename="net/kozelka/contentcheck/conflict/ClassConflictDetector.java" line-rate="0.0" branch-rate="1.0" complexity="2.1818181818181817">
					<methods>
						<method name="&lt;init&gt;" signature="()V" line-rate="0.0" branch-rate="1.0">
							<lines>
								<line number="142" hits="0" branch="false"/>
							</lines>
						</method>
						<method name="consumeLine" signature="(Ljava/lang/String;)V" line-rate="0.0" branch-rate="1.0">
							<lines>
								<line number="145" hits="0" branch="false"/>
								<line number="146" hits="0" branch="false"/>
							</lines>
						</method>
					</methods>
					<lines>
						<line number="142" hits="0" branch="false"/>
						<line number="145" hits="0" branch="false"/>
						<line number="146" hits="0" branch="false"/>
					</lines>
				</class>
				<class name="net.kozelka.contentcheck.conflict.Conflict" filename="net/kozelka/contentcheck/conflict/Conflict.java" line-rate="1.0" branch-rate="1.0" complexity="1.0">
					<methods>
						<method name="&lt;init&gt;" signature="(Lnet/kozelka/contentcheck/conflict/ArchiveInfo;)V" line-rate="1.0" branch-rate="1.0">
							<lines>
								<line number="14" hits="36" branch="false"/>
								<line number="16" hits="36" branch="false"/>
								<line number="17" hits="36" branch="false"/>
								<line number="18" hits="36" branch="false"/>
							</lines>
						</method>
						<method name="addResource" signature="(Lnet/kozelka/contentcheck/conflict/ResourceInfo;)V" line-rate="1.0" branch-rate="1.0">
							<lines>
								<line number="21" hits="580" branch="false"/>
								<line number="22" hits="580" branch="false"/>
							</lines>
						</method>
						<method name="getOtherArchive" signature="()Lnet/kozelka/contentcheck/conflict/ArchiveInfo;" line-rate="1.0" branch-rate="1.0">
							<lines>
								<line number="25" hits="40" branch="false"/>
							</lines>
						</method>
						<method name="getResources" signature="()Ljava/util/List;" line-rate="1.0" branch-rate="1.0">
							<lines>
								<line number="29" hits="36" branch="false"/>
							</lines>
						</method>
					</methods>
					<lines>
						<line number="14" hits="36" branch="false"/>
						<line number="16" hits="36" branch="false"/>
						<line number="17" hits="36" branch="false"/>
						<line number="18" hits="36" branch="false"/>
						<line number="21" hits="580" branch="false"/>
						<line number="22" hits="580" branch="false"/>
						<line number="25" hits="40" branch="false"/>
						<line number="29" hits="36" branch="false"/>
					</lines>
				</class>
				<class name="net.kozelka.contentcheck.conflict.ResourceInfo" filename="net/kozelka/contentcheck/conflict/ResourceInfo.java" line-rate="1.0" branch-rate="1.0" complexity="2.0">
					<methods>
						<method name="&lt;init&gt;" signature="()V" line-rate="1.0" branch-rate="1.0">
							<lines>
								<line number="9" hits="66586" branch="false"/>
								<line number="11" hits="66586" branch="false"/>
							</lines>
						</method>
						<method name="addHostingArchive" signature="(Lnet/kozelka/contentcheck/conflict/ArchiveInfo;)V" line-rate="1.0" branch-rate="1.0">
							<lines>
								<line number="14" hits="66876" branch="true" condition-coverage="100% (2/2)">
									<conditions>
										<condition number="0" type="jump" coverage="100%"/>
									</conditions>
								</line>
								<line number="15" hits="290" branch="false"/>
								<line number="16" hits="290" branch="false"/>
								<line number="17" hits="290" branch="false"/>
								<line number="18" hits="66876" branch="false"/>
								<line number="19" hits="66876" branch="false"/>
							</lines>
						</method>
					</methods>
					<lines>
						<line number="9" hits="66586" branch="false"/>
						<line number="11" hits="66586" branch="false"/>
						<line number="14" hits="66876" branch="true" condition-coverage="100% (2/2)">
							<conditions>
								<condition number="0" type="jump" coverage="100%"/>
							</conditions>
						</line>
						<line number="15" hits="290" branch="false"/>
						<line number="16" hits="290" branch="false"/>
						<line number="17" hits="290" branch="false"/>
						<line number="18" hits="66876" branch="false"/>
						<line number="19" hits="66876" branch="false"/>
					</lines>
				</class>
			</classes>
		</package>
		<package name="net.kozelka.contentcheck.introspection" line-rate="0.9338842975206612" branch-rate="0.8846153846153846" complexity="1.4473684210526316">
			<classes>
				<class name="net.kozelka.contentcheck.introspection.ContentIntrospector" filename="net/kozelka/contentcheck/introspection/ContentIntrospector.java" line-rate="1.0" branch-rate="1.0" complexity="1.2307692307692308">
					<methods>
						<method name="&lt;clinit&gt;" signature="()V" line-rate="1.0" branch-rate="1.0">
							<lines>
								<line number="15" hits="2" branch="false"/>
							</lines>
						</method>
						<method name="&lt;init&gt;" signature="()V" line-rate="1.0" branch-rate="1.0">
							<lines>
								<line number="14" hits="22" branch="false"/>
								<line number="20" hits="22" branch="false"/>
								<line number="21" hits="22" branch="false"/>
								<line number="138" hits="22" branch="false"/>
							</lines>
						</method>
						<method name="create" signature="(Lnet/kozelka/contentcheck/introspection/ContentIntrospector$Events;ZLjava/lang/String;Ljava/lang/String;Ljava/lang/String;)Lnet/kozelka/contentcheck/introspection/ContentIntrospector;" line-rate="1.0" branch-rate="1.0">
							<lines>
								<line number="27" hits="18" branch="false"/>
								<line number="28" hits="18" branch="false"/>
								<line number="29" hits="18" branch="false"/>
								<line number="30" hits="18" branch="true" condition-coverage="100% (2/2)">
									<conditions>
										<condition number="0" type="jump" coverage="100%"/>
									</conditions>
								</line>
								<line number="31" hits="6" branch="false"/>
								<line number="32" hits="6" branch="false"/>
								<line number="33" hits="6" branch="false"/>
								<line number="34" hits="6" branch="false"/>
								<line number="36" hits="18" branch="false"/>
							</lines>
						</method>
						<method name="getEvents" signature="()Lnet/kozelka/contentcheck/util/EventSink;" line-rate="1.0" branch-rate="1.0">
							<lines>
								<line number="40" hits="54" branch="false"/>
							</lines>
						</method>
						<method name="getSourceFile" signature="()Ljava/io/File;" line-rate="1.0" branch-rate="1.0">
							<lines>
								<line number="60" hits="16" branch="false"/>
							</lines>
						</method>
						<method name="setCheckFilesPattern" signature="(Ljava/lang/String;)V" line-rate="1.0" branch-rate="1.0">
							<lines>
								<line number="44" hits="18" branch="false"/>
								<line number="49" hits="18" branch="false"/>
							</lines>
						</method>
						<method name="setEntryContentFilter" signature="(Lnet/kozelka/contentcheck/introspection/ContentIntrospector$EntryContentFilter;)V" line-rate="1.0" branch-rate="1.0">
							<lines>
								<line number="56" hits="10" branch="false"/>
								<line number="57" hits="10" branch="false"/>
							</lines>
						</method>
						<method name="setEntryNameFilter" signature="(Ljava/io/FilenameFilter;)V" line-rate="1.0" branch-rate="1.0">
							<lines>
								<line number="52" hits="18" branch="false"/>
								<line number="53" hits="18" branch="false"/>
							</lines>
						</method>
						<method name="setSourceFile" signature="(Ljava/io/File;)V" line-rate="1.0" branch-rate="1.0">
							<lines>
								<line number="64" hits="22" branch="false"/>
								<line number="65" hits="22" branch="true" condition-coverage="100% (2/2)">
									<conditions>
										<condition number="0" type="jump" coverage="100%"/>
									</conditions>
								</line>
								<line number="66" hits="2" branch="false"/>
								<line number="68" hits="20" branch="false"/>
								<line number="70" hits="22" branch="false"/>
							</lines>
						</method>
						<method name="walk" signature="()I" line-rate="1.0" branch-rate="1.0">
							<lines>
								<line number="81" hits="22" branch="false"/>
								<line number="82" hits="22" branch="false"/>
								<line number="83" hits="22" branch="true" condition-coverage="100% (2/2)">
									<conditions>
										<condition number="0" type="jump" coverage="100%"/>
									</conditions>
								</line>
								<line number="84" hits="1856" branch="false"/>
								<line number="87" hits="1856" branch="true" condition-coverage="100% (2/2)">
									<conditions>
										<condition number="0" type="jump" coverage="100%"/>
									</conditions>
								</line>
								<line number="88" hits="858" branch="false"/>
								<line number="89" hits="858" branch="false"/>
								<line number="93" hits="998" branch="true" condition-coverage="100% (2/2)">
									<conditions>
										<condition number="0" type="jump" coverage="100%"/>
									</conditions>
								</line>
								<line number="94" hits="958" branch="false"/>
								<line number="96" hits="958" branch="true" condition-coverage="100% (2/2)">
									<conditions>
										<condition number="0" type="jump" coverage="100%"/>
									</conditions>
								</line>
								<line number="97" hits="486" branch="false"/>
								<line number="101" hits="486" branch="false"/>
								<line number="102" hits="472" branch="false"/>
								<line number="105" hits="512" branch="false"/>
								<line number="106" hits="512" branch="false"/>
								<line number="108" hits="22" branch="false"/>
							</lines>
						</method>
					</methods>
					<lines>
						<line number="14" hits="22" branch="false"/>
						<line number="15" hits="2" branch="false"/>
						<line number="20" hits="22" branch="false"/>
						<line number="21" hits="22" branch="false"/>
						<line number="27" hits="18" branch="false"/>
						<line number="28" hits="18" branch="false"/>
						<line number="29" hits="18" branch="false"/>
						<line number="30" hits="18" branch="true" condition-coverage="100% (2/2)">
							<conditions>
								<condition number="0" type="jump" coverage="100%"/>
							</conditions>
						</line>
						<line number="31" hits="6" branch="false"/>
						<line number="32" hits="6" branch="false"/>
						<line number="33" hits="6" branch="false"/>
						<line number="34" hits="6" branch="false"/>
						<line number="36" hits="18" branch="false"/>
						<line number="40" hits="54" branch="false"/>
						<line number="44" hits="18" branch="false"/>
						<line number="49" hits="18" branch="false"/>
						<line number="52" hits="18" branch="false"/>
						<line number="53" hits="18" branch="false"/>
						<line number="56" hits="10" branch="false"/>
						<line number="57" hits="10" branch="false"/>
						<line number="60" hits="16" branch="false"/>
						<line number="64" hits="22" branch="false"/>
						<line number="65" hits="22" branch="true" condition-coverage="100% (2/2)">
							<conditions>
								<condition number="0" type="jump" coverage="100%"/>
							</conditions>
						</line>
						<line number="66" hits="2" branch="false"/>
						<line number="68" hits="20" branch="false"/>
						<line number="70" hits="22" branch="false"/>
						<line number="81" hits="22" branch="false"/>
						<line number="82" hits="22" branch="false"/>
						<line number="83" hits="22" branch="true" condition-coverage="100% (2/2)">
							<conditions>
								<condition number="0" type="jump" coverage="100%"/>
							</conditions>
						</line>
						<line number="84" hits="1856" branch="false"/>
						<line number="87" hits="1856" branch="true" condition-coverage="100% (2/2)">
							<conditions>
								<condition number="0" type="jump" coverage="100%"/>
							</conditions>
						</line>
						<line number="88" hits="858" branch="false"/>
						<line number="89" hits="858" branch="false"/>
						<line number="93" hits="998" branch="true" condition-coverage="100% (2/2)">
							<conditions>
								<condition number="0" type="jump" coverage="100%"/>
							</conditions>
						</line>
						<line number="94" hits="958" branch="false"/>
						<line number="96" hits="958" branch="true" condition-coverage="100% (2/2)">
							<conditions>
								<condition number="0" type="jump" coverage="100%"/>
							</conditions>
						</line>
						<line number="97" hits="486" branch="false"/>
						<line number="101" hits="486" branch="false"/>
						<line number="102" hits="472" branch="false"/>
						<line number="105" hits="512" branch="false"/>
						<line number="106" hits="512" branch="false"/>
						<line number="108" hits="22" branch="false"/>
						<line number="138" hits="22" branch="false"/>
					</lines>
				</class>
				<class name="net.kozelka.contentcheck.introspection.ContentIntrospector$1" filename="net/kozelka/contentcheck/introspection/ContentIntrospector.java" line-rate="1.0" branch-rate="1.0" complexity="1.2307692307692308">
					<methods>
						<method name="&lt;init&gt;" signature="()V" line-rate="1.0" branch-rate="1.0">
							<lines>
								<line number="15" hits="2" branch="false"/>
							</lines>
						</method>
						<method name="accept" signature="(Ljava/io/File;Ljava/lang/String;)Z" line-rate="1.0" branch-rate="1.0">
							<lines>
								<line number="17" hits="1752" branch="false"/>
							</lines>
						</method>
					</methods>
					<lines>
						<line number="15" hits="2" branch="false"/>
						<line number="17" hits="1752" branch="false"/>
					</lines>
				</class>
				<class name="net.kozelka.contentcheck.introspection.ContentIntrospector$2" filename="net/kozelka/contentcheck/introspection/ContentIntrospector.java" line-rate="1.0" branch-rate="1.0" complexity="1.2307692307692308">
					<methods>
						<method name="&lt;init&gt;" signature="(Lnet/kozelka/contentcheck/introspection/ContentIntrospector;Ljava/lang/String;)V" line-rate="1.0" branch-rate="1.0">
							<lines>
								<line number="44" hits="18" branch="false"/>
							</lines>
						</method>
						<method name="accept" signature="(Ljava/io/File;Ljava/lang/String;)Z" line-rate="1.0" branch-rate="1.0">
							<lines>
								<line number="46" hits="104" branch="false"/>
							</lines>
						</method>
					</methods>
					<lines>
						<line number="44" hits="18" branch="false"/>
						<line number="46" hits="104" branch="false"/>
					</lines>
				</class>
				<class name="net.kozelka.contentcheck.introspection.ContentIntrospector$ContentCollector" filename="net/kozelka/contentcheck/introspection/ContentIntrospector.java" line-rate="0.7272727272727273" branch-rate="1.0" complexity="1.2307692307692308">
					<methods>
						<method name="&lt;init&gt;" signature="(Ljava/util/Collection;)V" line-rate="1.0" branch-rate="1.0">
							<lines>
								<line number="141" hits="20" branch="false"/>
								<line number="142" hits="20" branch="false"/>
								<line number="143" hits="20" branch="false"/>
							</lines>
						</method>
						<method name="cannotCheckManifest" signature="(Ljava/lang/String;Ljava/lang/Exception;)V" line-rate="0.0" branch-rate="1.0">
							<lines>
								<line number="158" hits="0" branch="false"/>
							</lines>
						</method>
						<method name="cannotClose" signature="(Ljava/lang/String;Ljava/io/IOException;)V" line-rate="0.0" branch-rate="1.0">
							<lines>
								<line number="162" hits="0" branch="false"/>
							</lines>
						</method>
						<method name="checkingInTmpfile" signature="(Ljava/lang/String;Ljava/io/File;)V" line-rate="0.0" branch-rate="1.0">
							<lines>
								<line number="166" hits="0" branch="false"/>
							</lines>
						</method>
						<method name="processEntry" signature="(Ljava/lang/String;)V" line-rate="1.0" branch-rate="1.0">
							<lines>
								<line number="170" hits="512" branch="false"/>
								<line number="171" hits="512" branch="false"/>
							</lines>
						</method>
						<method name="readingSourceFile" signature="(Ljava/io/File;)V" line-rate="1.0" branch-rate="1.0">
							<lines>
								<line number="146" hits="20" branch="false"/>
							</lines>
						</method>
						<method name="skippingEntryNotMatching" signature="(Ljava/lang/String;)V" line-rate="1.0" branch-rate="1.0">
							<lines>
								<line number="150" hits="452" branch="false"/>
							</lines>
						</method>
						<method name="skippingEntryOwnModule" signature="(Ljava/lang/String;)V" line-rate="1.0" branch-rate="1.0">
							<lines>
								<line number="154" hits="16" branch="false"/>
							</lines>
						</method>
					</methods>
					<lines>
						<line number="141" hits="20" branch="false"/>
						<line number="142" hits="20" branch="false"/>
						<line number="143" hits="20" branch="false"/>
						<line number="146" hits="20" branch="false"/>
						<line number="150" hits="452" branch="false"/>
						<line number="154" hits="16" branch="false"/>
						<line number="158" hits="0" branch="false"/>
						<line number="162" hits="0" branch="false"/>
						<line number="166" hits="0" branch="false"/>
						<line number="170" hits="512" branch="false"/>
						<line number="171" hits="512" branch="false"/>
					</lines>
				</class>
				<class name="net.kozelka.contentcheck.introspection.ContentIntrospector$EntryContentFilter" filename="net/kozelka/contentcheck/introspection/ContentIntrospector.java" line-rate="1.0" branch-rate="1.0" complexity="1.2307692307692308">
					<methods>
					</methods>
					<lines>
					</lines>
				</class>
				<class name="net.kozelka.contentcheck.introspection.ContentIntrospector$Events" filename="net/kozelka/contentcheck/introspection/ContentIntrospector.java" line-rate="1.0" branch-rate="1.0" complexity="1.2307692307692308">
					<methods>
					</methods>
					<lines>
					</lines>
				</class>
				<class name="net.kozelka.contentcheck.introspection.DirectoryIntrospectorStrategy" filename="net/kozelka/contentcheck/introspection/DirectoryIntrospectorStrategy.java" line-rate="1.0" branch-rate="1.0" complexity="1.5">
					<methods>
						<method name="&lt;init&gt;" signature="()V" line-rate="1.0" branch-rate="1.0">
							<lines>
								<line number="17" hits="6" branch="false"/>
							</lines>
						</method>
						<method name="getInputStream" signature="(Ljava/io/File;Ljava/lang/String;)Ljava/io/InputStream;" line-rate="1.0" branch-rate="1.0">
							<lines>
								<line number="35" hits="2" branch="false"/>
							</lines>
						</method>
						<method name="list" signature="(Ljava/io/File;)Ljava/util/Set;" line-rate="1.0" branch-rate="1.0">
							<lines>
								<line number="20" hits="4" branch="false"/>
								<line number="21" hits="4" branch="false"/>
								<line number="22" hits="4" branch="false"/>
								<line number="23" hits="4" branch="false"/>
								<line number="24" hits="4" branch="false"/>
								<line number="26" hits="4" branch="false"/>
								<line number="28" hits="4" branch="true" condition-coverage="100% (2/2)">
									<conditions>
										<condition number="0" type="jump" coverage="100%"/>
									</conditions>
								</line>
								<line number="29" hits="8" branch="false"/>
								<line number="30" hits="8" branch="false"/>
								<line number="31" hits="4" branch="false"/>
							</lines>
						</method>
					</methods>
					<lines>
						<line number="17" hits="6" branch="false"/>
						<line number="20" hits="4" branch="false"/>
						<line number="21" hits="4" branch="false"/>
						<line number="22" hits="4" branch="false"/>
						<line number="23" hits="4" branch="false"/>
						<line number="24" hits="4" branch="false"/>
						<line number="26" hits="4" branch="false"/>
						<line number="28" hits="4" branch="true" condition-coverage="100% (2/2)">
							<conditions>
								<condition number="0" type="jump" coverage="100%"/>
							</conditions>
						</line>
						<line number="29" hits="8" branch="false"/>
						<line number="30" hits="8" branch="false"/>
						<line number="31" hits="4" branch="false"/>
						<line number="35" hits="2" branch="false"/>
					</lines>
				</class>
				<class name="net.kozelka.contentcheck.introspection.IntrospectorInputStrategy" filename="net/kozelka/contentcheck/introspection/IntrospectorInputStrategy.java" line-rate="1.0" branch-rate="1.0" complexity="1.0">
					<methods>
					</methods>
					<lines>
					</lines>
				</class>
				<class name="net.kozelka.contentcheck.introspection.VendorFilter" filename="net/kozelka/contentcheck/introspection/VendorFilter.java" line-rate="0.8888888888888888" branch-rate="0.7" complexity="2.5">
					<methods>
						<method name="&lt;init&gt;" signature="(Ljava/lang/String;)V" line-rate="1.0" branch-rate="1.0">
							<lines>
								<line number="24" hits="8" branch="false"/>
								<line number="26" hits="8" branch="false"/>
								<line number="28" hits="8" branch="false"/>
								<line number="29" hits="8" branch="false"/>
								<line number="30" hits="8" branch="false"/>
							</lines>
						</method>
						<method name="accept" signature="(Ljava/lang/String;Ljava/io/InputStream;)Z" line-rate="1.0" branch-rate="0.75">
							<lines>
								<line number="42" hits="488" branch="true" condition-coverage="50% (1/2)">
									<conditions>
										<condition number="0" type="jump" coverage="50%"/>
									</conditions>
								</line>
								<line number="44" hits="488" branch="false"/>
								<line number="45" hits="488" branch="false"/>
								<line number="46" hits="488" branch="false"/>
								<line number="47" hits="488" branch="false"/>
								<line number="48" hits="488" branch="true" condition-coverage="100% (2/2)">
									<conditions>
										<condition number="0" type="jump" coverage="100%"/>
									</conditions>
								</line>
							</lines>
						</method>
						<method name="checkArchiveManifest" signature="(Ljava/lang/String;Ljava/io/File;)Z" line-rate="0.75" branch-rate="0.6666666666666666">
							<lines>
								<line number="55" hits="488" branch="false"/>
								<line number="57" hits="488" branch="false"/>
								<line number="58" hits="488" branch="false"/>
								<line number="59" hits="488" branch="true" condition-coverage="100% (2/2)">
									<conditions>
										<condition number="0" type="jump" coverage="100%"/>
									</conditions>
								</line>
								<line number="60" hits="480" branch="false"/>
								<line number="61" hits="480" branch="true" condition-coverage="50% (1/2)">
									<conditions>
										<condition number="0" type="jump" coverage="50%"/>
									</conditions>
								</line>
								<line number="62" hits="480" branch="false"/>
								<line number="63" hits="480" branch="false"/>
								<line number="67" hits="0" branch="false"/>
								<line number="68" hits="0" branch="false"/>
								<line number="70" hits="488" branch="true" condition-coverage="50% (1/2)">
									<conditions>
										<condition number="0" type="jump" coverage="50%"/>
									</conditions>
								</line>
								<line number="72" hits="488" branch="false"/>
								<line number="73" hits="0" branch="false"/>
								<line number="74" hits="0" branch="false"/>
								<line number="75" hits="968" branch="false"/>
								<line number="78" hits="8" branch="false"/>
							</lines>
						</method>
						<method name="copyStreamToTemporaryFile" signature="(Ljava/lang/String;Ljava/io/InputStream;)Ljava/io/File;" line-rate="1.0" branch-rate="1.0">
							<lines>
								<line number="82" hits="488" branch="false"/>
								<line number="83" hits="488" branch="false"/>
								<line number="85" hits="488" branch="false"/>
								<line number="86" hits="488" branch="false"/>
								<line number="87" hits="488" branch="false"/>
								<line number="89" hits="488" branch="false"/>
							</lines>
						</method>
						<method name="getEvents" signature="()Lnet/kozelka/contentcheck/util/EventSink;" line-rate="1.0" branch-rate="1.0">
							<lines>
								<line number="37" hits="6" branch="false"/>
							</lines>
						</method>
						<method name="setManifestVendorEntry" signature="(Ljava/lang/String;)V" line-rate="1.0" branch-rate="1.0">
							<lines>
								<line number="33" hits="6" branch="false"/>
								<line number="34" hits="6" branch="false"/>
							</lines>
						</method>
					</methods>
					<lines>
						<line number="24" hits="8" branch="false"/>
						<line number="26" hits="8" branch="false"/>
						<line number="28" hits="8" branch="false"/>
						<line number="29" hits="8" branch="false"/>
						<line number="30" hits="8" branch="false"/>
						<line number="33" hits="6" branch="false"/>
						<line number="34" hits="6" branch="false"/>
						<line number="37" hits="6" branch="false"/>
						<line number="42" hits="488" branch="true" condition-coverage="50% (1/2)">
							<conditions>
								<condition number="0" type="jump" coverage="50%"/>
							</conditions>
						</line>
						<line number="44" hits="488" branch="false"/>
						<line number="45" hits="488" branch="false"/>
						<line number="46" hits="488" branch="false"/>
						<line number="47" hits="488" branch="false"/>
						<line number="48" hits="488" branch="true" condition-coverage="100% (2/2)">
							<conditions>
								<condition number="0" type="jump" coverage="100%"/>
							</conditions>
						</line>
						<line number="55" hits="488" branch="false"/>
						<line number="57" hits="488" branch="false"/>
						<line number="58" hits="488" branch="false"/>
						<line number="59" hits="488" branch="true" condition-coverage="100% (2/2)">
							<conditions>
								<condition number="0" type="jump" coverage="100%"/>
							</conditions>
						</line>
						<line number="60" hits="480" branch="false"/>
						<line number="61" hits="480" branch="true" condition-coverage="50% (1/2)">
							<conditions>
								<condition number="0" type="jump" coverage="50%"/>
							</conditions>
						</line>
						<line number="62" hits="480" branch="false"/>
						<line number="63" hits="480" branch="false"/>
						<line number="67" hits="0" branch="false"/>
						<line number="68" hits="0" branch="false"/>
						<line number="70" hits="488" branch="true" condition-coverage="50% (1/2)">
							<conditions>
								<condition number="0" type="jump" coverage="50%"/>
							</conditions>
						</line>
						<line number="72" hits="488" branch="false"/>
						<line number="73" hits="0" branch="false"/>
						<line number="74" hits="0" branch="false"/>
						<line number="75" hits="968" branch="false"/>
						<line number="78" hits="8" branch="false"/>
						<line number="82" hits="488" branch="false"/>
						<line number="83" hits="488" branch="false"/>
						<line number="85" hits="488" branch="false"/>
						<line number="86" hits="488" branch="false"/>
						<line number="87" hits="488" branch="false"/>
						<line number="89" hits="488" branch="false"/>
					</lines>
				</class>
				<class name="net.kozelka.contentcheck.introspection.ZipArchiveIntrospectorStrategy" filename="net/kozelka/contentcheck/introspection/ZipArchiveIntrospectorStrategy.java" line-rate="0.9333333333333333" branch-rate="1.0" complexity="1.5">
					<methods>
						<method name="&lt;init&gt;" signature="()V" line-rate="1.0" branch-rate="1.0">
							<lines>
								<line number="16" hits="24" branch="false"/>
							</lines>
						</method>
						<method name="getInputStream" signature="(Ljava/io/File;Ljava/lang/String;)Ljava/io/InputStream;" line-rate="1.0" branch-rate="1.0">
							<lines>
								<line number="39" hits="960" branch="false"/>
							</lines>
						</method>
						<method name="list" signature="(Ljava/io/File;)Ljava/util/Set;" line-rate="0.9230769230769231" branch-rate="1.0">
							<lines>
								<line number="18" hits="22" branch="false"/>
								<line number="19" hits="22" branch="false"/>
								<line number="20" hits="22" branch="false"/>
								<line number="23" hits="1878" branch="true" condition-coverage="100% (2/2)">
									<conditions>
										<condition number="0" type="jump" coverage="100%"/>
									</conditions>
								</line>
								<line number="24" hits="1856" branch="false"/>
								<line number="25" hits="1856" branch="false"/>
								<line number="26" hits="1856" branch="false"/>
								<line number="28" hits="0" branch="false"/>
								<line number="29" hits="22" branch="false"/>
								<line number="31" hits="22" branch="false"/>
								<line number="32" hits="22" branch="false"/>
								<line number="33" hits="22" branch="false"/>
								<line number="35" hits="22" branch="false"/>
							</lines>
						</method>
					</methods>
					<lines>
						<line number="16" hits="24" branch="false"/>
						<line number="18" hits="22" branch="false"/>
						<line number="19" hits="22" branch="false"/>
						<line number="20" hits="22" branch="false"/>
						<line number="23" hits="1878" branch="true" condition-coverage="100% (2/2)">
							<conditions>
								<condition number="0" type="jump" coverage="100%"/>
							</conditions>
						</line>
						<line number="24" hits="1856" branch="false"/>
						<line number="25" hits="1856" branch="false"/>
						<line number="26" hits="1856" branch="false"/>
						<line number="28" hits="0" branch="false"/>
						<line number="29" hits="22" branch="false"/>
						<line number="31" hits="22" branch="false"/>
						<line number="32" hits="22" branch="false"/>
						<line number="33" hits="22" branch="false"/>
						<line number="35" hits="22" branch="false"/>
						<line number="39" hits="960" branch="false"/>
					</lines>
				</class>
			</classes>
		</package>
		<package name="net.kozelka.contentcheck.mojo" line-rate="0.04946996466431095" branch-rate="0.03636363636363636" complexity="3.896551724137931">
			<classes>
				<class name="net.kozelka.contentcheck.mojo.AbstractArchiveContentMojo" filename="net/kozelka/contentcheck/mojo/AbstractArchiveContentMojo.java" line-rate="0.0" branch-rate="0.0" complexity="8.0">
					<methods>
						<method name="&lt;init&gt;" signature="()V" line-rate="0.0" branch-rate="1.0">
							<lines>
								<line number="8" hits="0" branch="false"/>
							</lines>
						</method>
						<method name="assertSourceFileExists" signature="()V" line-rate="0.0" branch-rate="0.0">
							<lines>
								<line number="59" hits="0" branch="true" condition-coverage="0% (0/2)">
									<conditions>
										<condition number="0" type="jump" coverage="0%"/>
									</conditions>
								</line>
								<line number="60" hits="0" branch="false"/>
								<line number="61" hits="0" branch="true" condition-coverage="0% (0/2)">
									<conditions>
										<condition number="0" type="jump" coverage="0%"/>
									</conditions>
								</line>
								<line number="62" hits="0" branch="false"/>
								<line number="64" hits="0" branch="false"/>
								<line number="65" hits="0" branch="true" condition-coverage="0% (0/2)">
									<conditions>
										<condition number="0" type="jump" coverage="0%"/>
									</conditions>
								</line>
								<line number="66" hits="0" branch="false"/>
								<line number="70" hits="0" branch="true" condition-coverage="0% (0/2)">
									<conditions>
										<condition number="0" type="jump" coverage="0%"/>
									</conditions>
								</line>
								<line number="71" hits="0" branch="false"/>
								<line number="73" hits="0" branch="true" condition-coverage="0% (0/2)">
									<conditions>
										<condition number="0" type="jump" coverage="0%"/>
									</conditions>
								</line>
								<line number="74" hits="0" branch="false"/>
								<line number="76" hits="0" branch="false"/>
							</lines>
						</method>
					</methods>
					<lines>
						<line number="8" hits="0" branch="false"/>
						<line number="59" hits="0" branch="true" condition-coverage="0% (0/2)">
							<conditions>
								<condition number="0" type="jump" coverage="0%"/>
							</conditions>
						</line>
						<line number="60" hits="0" branch="false"/>
						<line number="61" hits="0" branch="true" condition-coverage="0% (0/2)">
							<conditions>
								<condition number="0" type="jump" coverage="0%"/>
							</conditions>
						</line>
						<line number="62" hits="0" branch="false"/>
						<line number="64" hits="0" branch="false"/>
						<line number="65" hits="0" branch="true" condition-coverage="0% (0/2)">
							<conditions>
								<condition number="0" type="jump" coverage="0%"/>
							</conditions>
						</line>
						<line number="66" hits="0" branch="false"/>
						<line number="70" hits="0" branch="true" condition-coverage="0% (0/2)">
							<conditions>
								<condition number="0" type="jump" coverage="0%"/>
							</conditions>
						</line>
						<line number="71" hits="0" branch="false"/>
						<line number="73" hits="0" branch="true" condition-coverage="0% (0/2)">
							<conditions>
								<condition number="0" type="jump" coverage="0%"/>
							</conditions>
						</line>
						<line number="74" hits="0" branch="false"/>
						<line number="76" hits="0" branch="false"/>
					</lines>
				</class>
				<class name="net.kozelka.contentcheck.mojo.ContentCheckMojo" filename="net/kozelka/contentcheck/mojo/ContentCheckMojo.java" line-rate="0.0" branch-rate="0.0" complexity="9.5">
					<methods>
						<method name="&lt;init&gt;" signature="()V" line-rate="0.0" branch-rate="1.0">
							<lines>
								<line number="22" hits="0" branch="false"/>
							</lines>
						</method>
						<method name="execute" signature="()V" line-rate="0.0" branch-rate="0.0">
							<lines>
								<line number="71" hits="0" branch="true" condition-coverage="0% (0/2)">
									<conditions>
										<condition number="0" type="jump" coverage="0%"/>
									</conditions>
								</line>
								<line number="72" hits="0" branch="false"/>
								<line number="73" hits="0" branch="false"/>
								<line number="76" hits="0" branch="true" condition-coverage="0% (0/2)">
									<conditions>
										<condition number="0" type="jump" coverage="0%"/>
									</conditions>
								</line>
								<line number="77" hits="0" branch="false"/>
								<line number="78" hits="0" branch="false"/>
								<line number="81" hits="0" branch="false"/>
								<line number="84" hits="0" branch="false"/>
								<line number="85" hits="0" branch="false"/>
								<line number="86" hits="0" branch="false"/>
								<line number="87" hits="0" branch="false"/>
								<line number="88" hits="0" branch="false"/>
								<line number="89" hits="0" branch="false"/>
								<line number="91" hits="0" branch="false"/>
								<line number="92" hits="0" branch="false"/>
								<line number="95" hits="0" branch="false"/>
								<line number="96" hits="0" branch="true" condition-coverage="0% (0/2)">
									<conditions>
										<condition number="0" type="jump" coverage="0%"/>
									</conditions>
								</line>
								<line number="97" hits="0" branch="false"/>
								<line number="98" hits="0" branch="false"/>
								<line number="100" hits="0" branch="false"/>
								<line number="101" hits="0" branch="true" condition-coverage="0% (0/2)">
									<conditions>
										<condition number="0" type="jump" coverage="0%"/>
									</conditions>
								</line>
								<line number="102" hits="0" branch="false"/>
								<line number="103" hits="0" branch="false"/>
								<line number="105" hits="0" branch="true" condition-coverage="0% (0/2)">
									<conditions>
										<condition number="0" type="jump" coverage="0%"/>
									</conditions>
								</line>
								<line number="106" hits="0" branch="false"/>
								<line number="108" hits="0" branch="true" condition-coverage="0% (0/2)">
									<conditions>
										<condition number="0" type="jump" coverage="0%"/>
									</conditions>
								</line>
								<line number="109" hits="0" branch="false"/>
								<line number="112" hits="0" branch="true" condition-coverage="0% (0/4)">
									<conditions>
										<condition number="0" type="jump" coverage="0%"/>
										<condition number="1" type="jump" coverage="0%"/>
									</conditions>
								</line>
								<line number="113" hits="0" branch="false"/>
								<line number="116" hits="0" branch="true" condition-coverage="0% (0/4)">
									<conditions>
										<condition number="0" type="jump" coverage="0%"/>
										<condition number="1" type="jump" coverage="0%"/>
									</conditions>
								</line>
								<line number="117" hits="0" branch="false"/>
								<line number="120" hits="0" branch="false"/>
								<line number="121" hits="0" branch="false"/>
								<line number="122" hits="0" branch="false"/>
								<line number="123" hits="0" branch="false"/>
								<line number="124" hits="0" branch="false"/>
							</lines>
						</method>
						<method name="log" signature="(ZLjava/lang/String;)V" line-rate="0.0" branch-rate="0.0">
							<lines>
								<line number="127" hits="0" branch="true" condition-coverage="0% (0/2)">
									<conditions>
										<condition number="0" type="jump" coverage="0%"/>
									</conditions>
								</line>
								<line number="128" hits="0" branch="false"/>
								<line number="130" hits="0" branch="false"/>
								<line number="132" hits="0" branch="false"/>
							</lines>
						</method>
					</methods>
					<lines>
						<line number="22" hits="0" branch="false"/>
						<line number="71" hits="0" branch="true" condition-coverage="0% (0/2)">
							<conditions>
								<condition number="0" type="jump" coverage="0%"/>
							</conditions>
						</line>
						<line number="72" hits="0" branch="false"/>
						<line number="73" hits="0" branch="false"/>
						<line number="76" hits="0" branch="true" condition-coverage="0% (0/2)">
							<conditions>
								<condition number="0" type="jump" coverage="0%"/>
							</conditions>
						</line>
						<line number="77" hits="0" branch="false"/>
						<line number="78" hits="0" branch="false"/>
						<line number="81" hits="0" branch="false"/>
						<line number="84" hits="0" branch="false"/>
						<line number="85" hits="0" branch="false"/>
						<line number="86" hits="0" branch="false"/>
						<line number="87" hits="0" branch="false"/>
						<line number="88" hits="0" branch="false"/>
						<line number="89" hits="0" branch="false"/>
						<line number="91" hits="0" branch="false"/>
						<line number="92" hits="0" branch="false"/>
						<line number="95" hits="0" branch="false"/>
						<line number="96" hits="0" branch="true" condition-coverage="0% (0/2)">
							<conditions>
								<condition number="0" type="jump" coverage="0%"/>
							</conditions>
						</line>
						<line number="97" hits="0" branch="false"/>
						<line number="98" hits="0" branch="false"/>
						<line number="100" hits="0" branch="false"/>
						<line number="101" hits="0" branch="true" condition-coverage="0% (0/2)">
							<conditions>
								<condition number="0" type="jump" coverage="0%"/>
							</conditions>
						</line>
						<line number="102" hits="0" branch="false"/>
						<line number="103" hits="0" branch="false"/>
						<line number="105" hits="0" branch="true" condition-coverage="0% (0/2)">
							<conditions>
								<condition number="0" type="jump" coverage="0%"/>
							</conditions>
						</line>
						<line number="106" hits="0" branch="false"/>
						<line number="108" hits="0" branch="true" condition-coverage="0% (0/2)">
							<conditions>
								<condition number="0" type="jump" coverage="0%"/>
							</conditions>
						</line>
						<line number="109" hits="0" branch="false"/>
						<line number="112" hits="0" branch="true" condition-coverage="0% (0/4)">
							<conditions>
								<condition number="0" type="jump" coverage="0%"/>
								<condition number="1" type="jump" coverage="0%"/>
							</conditions>
						</line>
						<line number="113" hits="0" branch="false"/>
						<line number="116" hits="0" branch="true" condition-coverage="0% (0/4)">
							<conditions>
								<condition number="0" type="jump" coverage="0%"/>
								<condition number="1" type="jump" coverage="0%"/>
							</conditions>
						</line>
						<line number="117" hits="0" branch="false"/>
						<line number="120" hits="0" branch="false"/>
						<line number="121" hits="0" branch="false"/>
						<line number="122" hits="0" branch="false"/>
						<line number="123" hits="0" branch="false"/>
						<line number="124" hits="0" branch="false"/>
						<line number="127" hits="0" branch="true" condition-coverage="0% (0/2)">
							<conditions>
								<condition number="0" type="jump" coverage="0%"/>
							</conditions>
						</line>
						<line number="128" hits="0" branch="false"/>
						<line number="130" hits="0" branch="false"/>
						<line number="132" hits="0" branch="false"/>
					</lines>
				</class>
				<class name="net.kozelka.contentcheck.mojo.ContentListingGeneratorMojo" filename="net/kozelka/contentcheck/mojo/ContentListingGeneratorMojo.java" line-rate="0.0" branch-rate="0.0" complexity="8.0">
					<methods>
						<method name="&lt;init&gt;" signature="()V" line-rate="0.0" branch-rate="1.0">
							<lines>
								<line number="23" hits="0" branch="false"/>
							</lines>
						</method>
						<method name="execute" signature="()V" line-rate="0.0" branch-rate="0.0">
							<lines>
								<line number="41" hits="0" branch="true" condition-coverage="0% (0/4)">
									<conditions>
										<condition number="0" type="jump" coverage="0%"/>
										<condition number="1" type="jump" coverage="0%"/>
									</conditions>
								</line>
								<line number="43" hits="0" branch="false"/>
								<line number="47" hits="0" branch="true" condition-coverage="0% (0/2)">
									<conditions>
										<condition number="0" type="jump" coverage="0%"/>
									</conditions>
								</line>
								<line number="48" hits="0" branch="false"/>
								<line number="50" hits="0" branch="false"/>
								<line number="52" hits="0" branch="false"/>
								<line number="53" hits="0" branch="false"/>
								<line number="54" hits="0" branch="false"/>
								<line number="55" hits="0" branch="false"/>
								<line number="56" hits="0" branch="false"/>
								<line number="57" hits="0" branch="false"/>
								<line number="58" hits="0" branch="false"/>
								<line number="61" hits="0" branch="false"/>
								<line number="62" hits="0" branch="false"/>
								<line number="64" hits="0" branch="false"/>
								<line number="65" hits="0" branch="true" condition-coverage="0% (0/2)">
									<conditions>
										<condition number="0" type="jump" coverage="0%"/>
									</conditions>
								</line>
								<line number="66" hits="0" branch="false"/>
								<line number="67" hits="0" branch="false"/>
								<line number="69" hits="0" branch="false"/>
								<line number="70" hits="0" branch="false"/>
								<line number="71" hits="0" branch="false"/>
								<line number="72" hits="0" branch="false"/>
								<line number="73" hits="0" branch="false"/>
								<line number="74" hits="0" branch="false"/>
								<line number="75" hits="0" branch="false"/>
							</lines>
						</method>
					</methods>
					<lines>
						<line number="23" hits="0" branch="false"/>
						<line number="41" hits="0" branch="true" condition-coverage="0% (0/4)">
							<conditions>
								<condition number="0" type="jump" coverage="0%"/>
								<condition number="1" type="jump" coverage="0%"/>
							</conditions>
						</line>
						<line number="43" hits="0" branch="false"/>
						<line number="47" hits="0" branch="true" condition-coverage="0% (0/2)">
							<conditions>
								<condition number="0" type="jump" coverage="0%"/>
							</conditions>
						</line>
						<line number="48" hits="0" branch="false"/>
						<line number="50" hits="0" branch="false"/>
						<line number="52" hits="0" branch="false"/>
						<line number="53" hits="0" branch="false"/>
						<line number="54" hits="0" branch="false"/>
						<line number="55" hits="0" branch="false"/>
						<line number="56" hits="0" branch="false"/>
						<line number="57" hits="0" branch="false"/>
						<line number="58" hits="0" branch="false"/>
						<line number="61" hits="0" branch="false"/>
						<line number="62" hits="0" branch="false"/>
						<line number="64" hits="0" branch="false"/>
						<line number="65" hits="0" branch="true" condition-coverage="0% (0/2)">
							<conditions>
								<condition number="0" type="jump" coverage="0%"/>
							</conditions>
						</line>
						<line number="66" hits="0" branch="false"/>
						<line number="67" hits="0" branch="false"/>
						<line number="69" hits="0" branch="false"/>
						<line number="70" hits="0" branch="false"/>
						<line number="71" hits="0" branch="false"/>
[...]
						<method name="output" signature="(Ljava/util/Map;)V" line-rate="0.0" branch-rate="0.0">
							<lines>
								<line number="322" hits="0" branch="false"/>
								<line number="323" hits="0" branch="false"/>
								<line number="324" hits="0" branch="false"/>
								<line number="326" hits="0" branch="true" condition-coverage="0% (0/2)">
									<conditions>
										<condition number="0" type="jump" coverage="0%"/>
									</conditions>
								</line>
								<line number="327" hits="0" branch="false"/>
								<line number="328" hits="0" branch="true" condition-coverage="0% (0/2)">
									<conditions>
										<condition number="0" type="jump" coverage="0%"/>
									</conditions>
								</line>
								<line number="329" hits="0" branch="false"/>
								<line number="330" hits="0" branch="true" condition-coverage="0% (0/2)">
									<conditions>
										<condition number="0" type="jump" coverage="0%"/>
									</conditions>
								</line>
								<line number="331" hits="0" branch="false"/>
								<line number="332" hits="0" branch="false"/>
								<line number="333" hits="0" branch="false"/>
								<line number="334" hits="0" branch="true" condition-coverage="0% (0/2)">
									<conditions>
										<condition number="0" type="jump" coverage="0%"/>
									</conditions>
								</line>
								<line number="335" hits="0" branch="false"/>
								<line number="336" hits="0" branch="false"/>
								<line number="337" hits="0" branch="false"/>
								<line number="338" hits="0" branch="false"/>
								<line number="340" hits="0" branch="false"/>
								<line number="342" hits="0" branch="true" condition-coverage="0% (0/2)">
									<conditions>
										<condition number="0" type="jump" coverage="0%"/>
									</conditions>
								</line>
								<line number="343" hits="0" branch="false"/>
								<line number="345" hits="0" branch="false"/>
								<line number="348" hits="0" branch="false"/>
								<line number="349" hits="0" branch="false"/>
								<line number="350" hits="0" branch="true" condition-coverage="0% (0/2)">
									<conditions>
										<condition number="0" type="jump" coverage="0%"/>
									</conditions>
								</line>
								<line number="351" hits="0" branch="false"/>
								<line number="352" hits="0" branch="false"/>
								<line number="354" hits="0" branch="true" condition-coverage="0% (0/2)">
									<conditions>
										<condition number="0" type="jump" coverage="0%"/>
									</conditions>
								</line>
								<line number="355" hits="0" branch="false"/>
								<line number="356" hits="0" branch="false"/>
								<line number="357" hits="0" branch="true" condition-coverage="0% (0/2)">
									<conditions>
										<condition number="0" type="jump" coverage="0%"/>
									</conditions>
								</line>
								<line number="358" hits="0" branch="false"/>
								<line number="359" hits="0" branch="false"/>
								<line number="361" hits="0" branch="false"/>
							</lines>
						</method>
					</methods>
					<lines>
						<line number="314" hits="0" branch="false"/>
						<line number="315" hits="0" branch="false"/>
						<line number="316" hits="0" branch="false"/>
						<line number="322" hits="0" branch="false"/>
						<line number="323" hits="0" branch="false"/>
						<line number="324" hits="0" branch="false"/>
						<line number="326" hits="0" branch="true" condition-coverage="0% (0/2)">
							<conditions>
								<condition number="0" type="jump" coverage="0%"/>
							</conditions>
						</line>
						<line number="327" hits="0" branch="false"/>
						<line number="328" hits="0" branch="true" condition-coverage="0% (0/2)">
							<conditions>
								<condition number="0" type="jump" coverage="0%"/>
							</conditions>
						</line>
						<line number="329" hits="0" branch="false"/>
						<line number="330" hits="0" branch="true" condition-coverage="0% (0/2)">
							<conditions>
								<condition number="0" type="jump" coverage="0%"/>
							</conditions>
						</line>
						<line number="331" hits="0" branch="false"/>
						<line number="332" hits="0" branch="false"/>
						<line number="333" hits="0" branch="false"/>
						<line number="334" hits="0" branch="true" condition-coverage="0% (0/2)">
							<conditions>
								<condition number="0" type="jump" coverage="0%"/>
							</conditions>
						</line>
						<line number="335" hits="0" branch="false"/>
						<line number="336" hits="0" branch="false"/>
						<line number="337" hits="0" branch="false"/>
						<line number="338" hits="0" branch="false"/>
						<line number="340" hits="0" branch="false"/>
						<line number="342" hits="0" branch="true" condition-coverage="0% (0/2)">
							<conditions>
								<condition number="0" type="jump" coverage="0%"/>
							</conditions>
						</line>
						<line number="343" hits="0" branch="false"/>
						<line number="345" hits="0" branch="false"/>
						<line number="348" hits="0" branch="false"/>
						<line number="349" hits="0" branch="false"/>
						<line number="350" hits="0" branch="true" condition-coverage="0% (0/2)">
							<conditions>
								<condition number="0" type="jump" coverage="0%"/>
							</conditions>
						</line>
						<line number="351" hits="0" branch="false"/>
						<line number="352" hits="0" branch="false"/>
						<line number="354" hits="0" branch="true" condition-coverage="0% (0/2)">
							<conditions>
								<condition number="0" type="jump" coverage="0%"/>
							</conditions>
						</line>
						<line number="355" hits="0" branch="false"/>
						<line number="356" hits="0" branch="false"/>
						<line number="357" hits="0" branch="true" condition-coverage="0% (0/2)">
							<conditions>
								<condition number="0" type="jump" coverage="0%"/>
							</conditions>
						</line>
						<line number="358" hits="0" branch="false"/>
						<line number="359" hits="0" branch="false"/>
						<line number="361" hits="0" branch="false"/>
					</lines>
				</class>
				<class name="net.kozelka.contentcheck.mojo.MyContentCheckerListener" filename="net/kozelka/contentcheck/mojo/MyContentCheckerListener.java" line-rate="0.0" branch-rate="1.0" complexity="1.0">
					<methods>
						<method name="&lt;init&gt;" signature="(Lorg/apache/maven/plugin/logging/Log;)V" line-rate="0.0" branch-rate="1.0">
							<lines>
								<line number="13" hits="0" branch="false"/>
								<line number="14" hits="0" branch="false"/>
								<line number="15" hits="0" branch="false"/>
							</lines>
						</method>
						<method name="contentListingSummary" signature="(Ljava/io/File;II)V" line-rate="0.0" branch-rate="1.0">
							<lines>
								<line number="27" hits="0" branch="false"/>
								<line number="28" hits="0" branch="false"/>
							</lines>
						</method>
						<method name="duplicate" signature="(Ljava/io/File;Ljava/lang/String;)V" line-rate="0.0" branch-rate="1.0">
							<lines>
								<line number="23" hits="0" branch="false"/>
								<line number="24" hits="0" branch="false"/>
							</lines>
						</method>
						<method name="summary" signature="(Ljava/io/File;II)V" line-rate="0.0" branch-rate="1.0">
							<lines>
								<line number="18" hits="0" branch="false"/>
								<line number="20" hits="0" branch="false"/>
							</lines>
						</method>
					</methods>
					<lines>
						<line number="13" hits="0" branch="false"/>
						<line number="14" hits="0" branch="false"/>
						<line number="15" hits="0" branch="false"/>
						<line number="18" hits="0" branch="false"/>
						<line number="20" hits="0" branch="false"/>
						<line number="23" hits="0" branch="false"/>
						<line number="24" hits="0" branch="false"/>
						<line number="27" hits="0" branch="false"/>
						<line number="28" hits="0" branch="false"/>
					</lines>
				</class>
				<class name="net.kozelka.contentcheck.mojo.MyIntrospectionListener" filename="net/kozelka/contentcheck/mojo/MyIntrospectionListener.java" line-rate="0.0" branch-rate="1.0" complexity="1.0">
					<methods>
						<method name="&lt;init&gt;" signature="(Lorg/apache/maven/plugin/logging/Log;)V" line-rate="0.0" branch-rate="1.0">
							<lines>
								<line number="15" hits="0" branch="false"/>
								<line number="16" hits="0" branch="false"/>
								<line number="17" hits="0" branch="false"/>
							</lines>
						</method>
						<method name="cannotCheckManifest" signature="(Ljava/lang/String;Ljava/lang/Exception;)V" line-rate="0.0" branch-rate="1.0">
							<lines>
								<line number="32" hits="0" branch="false"/>
								<line number="33" hits="0" branch="false"/>
							</lines>
						</method>
						<method name="cannotClose" signature="(Ljava/lang/String;Ljava/io/IOException;)V" line-rate="0.0" branch-rate="1.0">
							<lines>
								<line number="36" hits="0" branch="false"/>
								<line number="37" hits="0" branch="false"/>
							</lines>
						</method>
						<method name="checkingInTmpfile" signature="(Ljava/lang/String;Ljava/io/File;)V" line-rate="0.0" branch-rate="1.0">
							<lines>
								<line number="40" hits="0" branch="false"/>
								<line number="41" hits="0" branch="false"/>
							</lines>
						</method>
						<method name="processEntry" signature="(Ljava/lang/String;)V" line-rate="0.0" branch-rate="1.0">
							<lines>
								<line number="45" hits="0" branch="false"/>
								<line number="46" hits="0" branch="false"/>
							</lines>
						</method>
						<method name="readingSourceFile" signature="(Ljava/io/File;)V" line-rate="0.0" branch-rate="1.0">
							<lines>
								<line number="20" hits="0" branch="false"/>
								<line number="21" hits="0" branch="false"/>
							</lines>
						</method>
						<method name="skippingEntryNotMatching" signature="(Ljava/lang/String;)V" line-rate="0.0" branch-rate="1.0">
							<lines>
								<line number="24" hits="0" branch="false"/>
								<line number="25" hits="0" branch="false"/>
							</lines>
						</method>
						<method name="skippingEntryOwnModule" signature="(Ljava/lang/String;)V" line-rate="0.0" branch-rate="1.0">
							<lines>
								<line number="28" hits="0" branch="false"/>
								<line number="29" hits="0" branch="false"/>
							</lines>
						</method>
					</methods>
					<lines>
						<line number="15" hits="0" branch="false"/>
						<line number="16" hits="0" branch="false"/>
						<line number="17" hits="0" branch="false"/>
						<line number="20" hits="0" branch="false"/>
						<line number="21" hits="0" branch="false"/>
						<line number="24" hits="0" branch="false"/>
						<line number="25" hits="0" branch="false"/>
						<line number="28" hits="0" branch="false"/>
						<line number="29" hits="0" branch="false"/>
						<line number="32" hits="0" branch="false"/>
						<line number="33" hits="0" branch="false"/>
						<line number="36" hits="0" branch="false"/>
						<line number="37" hits="0" branch="false"/>
						<line number="40" hits="0" branch="false"/>
						<line number="41" hits="0" branch="false"/>
						<line number="45" hits="0" branch="false"/>
						<line number="46" hits="0" branch="false"/>
					</lines>
				</class>
				<class name="net.kozelka.contentcheck.mojo.WarClassConflictsMojo" filename="net/kozelka/contentcheck/mojo/WarClassConflictsMojo.java" line-rate="0.0" branch-rate="0.0" complexity="5.5">
					<methods>
						<method name="&lt;init&gt;" signature="()V" line-rate="0.0" branch-rate="1.0">
							<lines>
								<line number="24" hits="0" branch="false"/>
							</lines>
						</method>
						<method name="execute" signature="()V" line-rate="0.0" branch-rate="0.0">
							<lines>
								<line number="52" hits="0" branch="true" condition-coverage="0% (0/2)">
									<conditions>
										<condition number="0" type="jump" coverage="0%"/>
									</conditions>
								</line>
								<line number="53" hits="0" branch="false"/>
								<line number="54" hits="0" branch="false"/>
								<line number="58" hits="0" branch="false"/>
								<line number="59" hits="0" branch="false"/>
								<line number="60" hits="0" branch="false"/>
								<line number="61" hits="0" branch="true" condition-coverage="0% (0/2)">
									<conditions>
										<condition number="0" type="jump" coverage="0%"/>
									</conditions>
								</line>
								<line number="62" hits="0" branch="false"/>
								<line number="68" hits="0" branch="false"/>
								<line number="69" hits="0" branch="false"/>
								<line number="70" hits="0" branch="true" condition-coverage="0% (0/2)">
									<conditions>
										<condition number="0" type="jump" coverage="0%"/>
									</conditions>
								</line>
								<line number="71" hits="0" branch="false"/>
								<line number="73" hits="0" branch="true" condition-coverage="0% (0/4)">
									<conditions>
										<condition number="0" type="jump" coverage="0%"/>
										<condition number="1" type="jump" coverage="0%"/>
									</conditions>
								</line>
								<line number="74" hits="0" branch="false"/>
								<line number="77" hits="0" branch="false"/>
								<line number="78" hits="0" branch="false"/>
								<line number="79" hits="0" branch="false"/>
								<line number="80" hits="0" branch="false"/>
							</lines>
						</method>
					</methods>
					<lines>
						<line number="24" hits="0" branch="false"/>
						<line number="52" hits="0" branch="true" condition-coverage="0% (0/2)">
							<conditions>
								<condition number="0" type="jump" coverage="0%"/>
							</conditions>
						</line>
						<line number="53" hits="0" branch="false"/>
						<line number="54" hits="0" branch="false"/>
						<line number="58" hits="0" branch="false"/>
						<line number="59" hits="0" branch="false"/>
						<line number="60" hits="0" branch="false"/>
						<line number="61" hits="0" branch="true" condition-coverage="0% (0/2)">
							<conditions>
								<condition number="0" type="jump" coverage="0%"/>
							</conditions>
						</line>
						<line number="62" hits="0" branch="false"/>
						<line number="68" hits="0" branch="false"/>
						<line number="69" hits="0" branch="false"/>
						<line number="70" hits="0" branch="true" condition-coverage="0% (0/2)">
							<conditions>
								<condition number="0" type="jump" coverage="0%"/>
							</conditions>
						</line>
						<line number="71" hits="0" branch="false"/>
						<line number="73" hits="0" branch="true" condition-coverage="0% (0/4)">
							<conditions>
								<condition number="0" type="jump" coverage="0%"/>
								<condition number="1" type="jump" coverage="0%"/>
							</conditions>
						</line>
						<line number="74" hits="0" branch="false"/>
						<line number="77" hits="0" branch="false"/>
						<line number="78" hits="0" branch="false"/>
						<line number="79" hits="0" branch="false"/>
						<line number="80" hits="0" branch="false"/>
					</lines>
				</class>
				<class name="net.kozelka.contentcheck.mojo.WarClassConflictsMojo$1" filename="net/kozelka/contentcheck/mojo/WarClassConflictsMojo.java" line-rate="0.0" branch-rate="1.0" complexity="5.5">
					<methods>
						<method name="&lt;init&gt;" signature="(Lnet/kozelka/contentcheck/mojo/WarClassConflictsMojo;)V" line-rate="0.0" branch-rate="1.0">
							<lines>
								<line number="62" hits="0" branch="false"/>
							</lines>
						</method>
						<method name="consumeLine" signature="(Ljava/lang/String;)V" line-rate="0.0" branch-rate="1.0">
							<lines>
								<line number="65" hits="0" branch="false"/>
								<line number="66" hits="0" branch="false"/>
							</lines>
						</method>
					</methods>
					<lines>
						<line number="62" hits="0" branch="false"/>
						<line number="65" hits="0" branch="false"/>
						<line number="66" hits="0" branch="false"/>
					</lines>
				</class>
			</classes>
		</package>
		<package name="net.kozelka.contentcheck.util" line-rate="1.0" branch-rate="1.0" complexity="1.1666666666666667">
			<classes>
				<class name="net.kozelka.contentcheck.util.EventSink" filename="net/kozelka/contentcheck/util/EventSink.java" line-rate="1.0" branch-rate="1.0" complexity="1.1666666666666667">
					<methods>
						<method name="&lt;init&gt;" signature="(Ljava/lang/Class;Ljava/lang/ClassLoader;)V" line-rate="1.0" branch-rate="1.0">
							<lines>
								<line number="16" hits="54" branch="false"/>
								<line number="38" hits="54" branch="false"/>
								<line number="39" hits="54" branch="false"/>
								<line number="40" hits="54" branch="false"/>
								<line number="58" hits="54" branch="false"/>
							</lines>
						</method>
						<method name="access$000" signature="(Lnet/kozelka/contentcheck/util/EventSink;)Ljava/util/List;" line-rate="1.0" branch-rate="1.0">
							<lines>
								<line number="15" hits="2416" branch="false"/>
							</lines>
						</method>
						<method name="addListener" signature="(Ljava/lang/Object;)V" line-rate="1.0" branch-rate="1.0">
							<lines>
								<line number="47" hits="64" branch="false"/>
								<line number="48" hits="64" branch="false"/>
							</lines>
						</method>
						<method name="create" signature="(Ljava/lang/Class;)Lnet/kozelka/contentcheck/util/EventSink;" line-rate="1.0" branch-rate="1.0">
							<lines>
								<line number="30" hits="54" branch="false"/>
							</lines>
						</method>
						<method name="create" signature="(Ljava/lang/Class;Ljava/lang/ClassLoader;)Lnet/kozelka/contentcheck/util/EventSink;" line-rate="1.0" branch-rate="1.0">
							<lines>
								<line number="34" hits="54" branch="false"/>
							</lines>
						</method>
						<method name="removeListener" signature="(Ljava/lang/Object;)V" line-rate="1.0" branch-rate="1.0">
							<lines>
								<line number="55" hits="18" branch="false"/>
								<line number="56" hits="18" branch="false"/>
							</lines>
						</method>
					</methods>
					<lines>
						<line number="15" hits="2416" branch="false"/>
						<line number="16" hits="54" branch="false"/>
						<line number="30" hits="54" branch="false"/>
						<line number="34" hits="54" branch="false"/>
						<line number="38" hits="54" branch="false"/>
						<line number="39" hits="54" branch="false"/>
						<line number="40" hits="54" branch="false"/>
						<line number="47" hits="64" branch="false"/>
						<line number="48" hits="64" branch="false"/>
						<line number="55" hits="18" branch="false"/>
						<line number="56" hits="18" branch="false"/>
						<line number="58" hits="54" branch="false"/>
					</lines>
				</class>
				<class name="net.kozelka.contentcheck.util.EventSink$1" filename="net/kozelka/contentcheck/util/EventSink.java" line-rate="1.0" branch-rate="1.0" complexity="1.1666666666666667">
					<methods>
						<method name="&lt;init&gt;" signature="(Lnet/kozelka/contentcheck/util/EventSink;)V" line-rate="1.0" branch-rate="1.0">
							<lines>
								<line number="58" hits="54" branch="false"/>
							</lines>
						</method>
						<method name="invoke" signature="(Ljava/lang/Object;Ljava/lang/reflect/Method;[Ljava/lang/Object;)Ljava/lang/Object;" line-rate="1.0" branch-rate="1.0">
							<lines>
								<line number="61" hits="2416" branch="true" condition-coverage="100% (2/2)">
									<conditions>
										<condition number="0" type="jump" coverage="100%"/>
									</conditions>
								</line>
								<line number="62" hits="1192" branch="false"/>
								<line number="64" hits="1192" branch="false"/>
								<line number="65" hits="2416" branch="false"/>
							</lines>
						</method>
					</methods>
					<lines>
						<line number="58" hits="54" branch="false"/>
						<line number="61" hits="2416" branch="true" condition-coverage="100% (2/2)">
							<conditions>
								<condition number="0" type="jump" coverage="100%"/>
							</conditions>
						</line>
						<line number="62" hits="1192" branch="false"/>
						<line number="64" hits="1192" branch="false"/>
						<line number="65" hits="2416" branch="false"/>
					</lines>
				</class>
			</classes>
		</package>
	</packages>
</coverage>
